  Source.cpp
C:\Users\TISHO\source\repos\Galaxy\Galaxy\HmwrkOOPPract-Structures\Source.cpp(25,15): error C3646: 'planet': unknown override specifier
C:\Users\TISHO\source\repos\Galaxy\Galaxy\HmwrkOOPPract-Structures\Source.cpp(25,15): error C4430: missing type specifier - int assumed. Note: C++ does not support default-int
C:\Users\TISHO\source\repos\Galaxy\Galaxy\HmwrkOOPPract-Structures\Source.cpp(89,29): error C2061: syntax error: identifier 'Planet'
C:\Users\TISHO\source\repos\Galaxy\Galaxy\HmwrkOOPPract-Structures\Source.cpp(32,3): error C2065: 'planet': undeclared identifier
C:\Users\TISHO\source\repos\Galaxy\Galaxy\HmwrkOOPPract-Structures\Source.cpp(41,13): error C2065: 'planet': undeclared identifier
C:\Users\TISHO\source\repos\Galaxy\Galaxy\HmwrkOOPPract-Structures\Source.cpp(47,11): error C2039: 'planet': is not a member of 'Jedi'
C:\Users\TISHO\source\repos\Galaxy\Galaxy\HmwrkOOPPract-Structures\Source.cpp(21): message : see declaration of 'Jedi'
C:\Users\TISHO\source\repos\Galaxy\Galaxy\HmwrkOOPPract-Structures\Source.cpp(47,54): error C2039: 'planet': is not a member of 'Jedi'
C:\Users\TISHO\source\repos\Galaxy\Galaxy\HmwrkOOPPract-Structures\Source.cpp(21): message : see declaration of 'Jedi'
C:\Users\TISHO\source\repos\Galaxy\Galaxy\HmwrkOOPPract-Structures\Source.cpp(47,1): error C3078: array size must be specified in new expressions without an initializer
C:\Users\TISHO\source\repos\Galaxy\Galaxy\HmwrkOOPPract-Structures\Source.cpp(48,20): error C2039: 'planet': is not a member of 'Jedi'
C:\Users\TISHO\source\repos\Galaxy\Galaxy\HmwrkOOPPract-Structures\Source.cpp(21): message : see declaration of 'Jedi'
C:\Users\TISHO\source\repos\Galaxy\Galaxy\HmwrkOOPPract-Structures\Source.cpp(48,53): error C2039: 'planet': is not a member of 'Jedi'
C:\Users\TISHO\source\repos\Galaxy\Galaxy\HmwrkOOPPract-Structures\Source.cpp(21): message : see declaration of 'Jedi'
C:\Users\TISHO\source\repos\Galaxy\Galaxy\HmwrkOOPPract-Structures\Source.cpp(48,84): error C2039: 'planet': is not a member of 'Jedi'
C:\Users\TISHO\source\repos\Galaxy\Galaxy\HmwrkOOPPract-Structures\Source.cpp(21): message : see declaration of 'Jedi'
C:\Users\TISHO\source\repos\Galaxy\Galaxy\HmwrkOOPPract-Structures\Source.cpp(48,1): error C2660: 'strcpy_s': function does not take 1 arguments
C:\Program Files (x86)\Windows Kits\10\Include\10.0.18362.0\ucrt\string.h(28,30): message : see declaration of 'strcpy_s'
C:\Users\TISHO\source\repos\Galaxy\Galaxy\HmwrkOOPPract-Structures\Source.cpp(68,3): error C2065: 'planet': undeclared identifier
C:\Users\TISHO\source\repos\Galaxy\Galaxy\HmwrkOOPPract-Structures\Source.cpp(69,12): error C2065: 'planet': undeclared identifier
C:\Users\TISHO\source\repos\Galaxy\Galaxy\HmwrkOOPPract-Structures\Source.cpp(81,12): error C2065: 'planet': undeclared identifier
C:\Users\TISHO\source\repos\Galaxy\Galaxy\HmwrkOOPPract-Structures\Source.cpp(90,9): error C2039: 'planet': is not a member of 'Jedi'
C:\Users\TISHO\source\repos\Galaxy\Galaxy\HmwrkOOPPract-Structures\Source.cpp(21): message : see declaration of 'Jedi'
C:\Users\TISHO\source\repos\Galaxy\Galaxy\HmwrkOOPPract-Structures\Source.cpp(90,30): error C2065: '_planet_name': undeclared identifier
C:\Users\TISHO\source\repos\Galaxy\Galaxy\HmwrkOOPPract-Structures\Source.cpp(110,10): error C2065: 'planet': undeclared identifier
C:\Users\TISHO\source\repos\Galaxy\Galaxy\HmwrkOOPPract-Structures\Source.cpp(122,42): error C2065: 'planet': undeclared identifier
